0 info it worked if it ends with ok
1 verbose cli [ 'D:\\develop\\nodejs\\node.exe',
1 verbose cli   'D:\\develop\\nodejs\\node_modules\\npm\\bin\\npm-cli.js',
1 verbose cli   'install',
1 verbose cli   'hexo-deployer-git',
1 verbose cli   '–save' ]
2 info using npm@3.10.10
3 info using node@v6.11.3
4 silly loadCurrentTree Starting
5 silly install loadCurrentTree
6 silly install readLocalPackageData
7 silly fetchPackageMetaData hexo-deployer-git@^0.2.0
8 silly fetchPackageMetaData –save
9 silly fetchNamedPackageData hexo-deployer-git
10 silly mapToRegistry name hexo-deployer-git
11 silly mapToRegistry using default registry
12 silly mapToRegistry registry https://registry.npmjs.org/
13 silly mapToRegistry data Result {
13 silly mapToRegistry   raw: 'hexo-deployer-git',
13 silly mapToRegistry   scope: null,
13 silly mapToRegistry   escapedName: 'hexo-deployer-git',
13 silly mapToRegistry   name: 'hexo-deployer-git',
13 silly mapToRegistry   rawSpec: '',
13 silly mapToRegistry   spec: 'latest',
13 silly mapToRegistry   type: 'tag' }
14 silly mapToRegistry uri https://registry.npmjs.org/hexo-deployer-git
15 silly fetchOtherPackageData –save
16 silly cache add args [ '–save', null ]
17 verbose cache add spec –save
18 silly cache add parsed spec Result {
18 silly cache add   raw: '–save',
18 silly cache add   scope: null,
18 silly cache add   escapedName: null,
18 silly cache add   name: null,
18 silly cache add   rawSpec: '–save',
18 silly cache add   spec: 'E:\\myweb\\MyWeb_2016-10-28\\–save',
18 silly cache add   type: 'local' }
19 error addLocal Could not install E:\myweb\MyWeb_2016-10-28\–save
20 silly fetchPackageMetaData Error: ENOENT: no such file or directory, open 'E:\myweb\MyWeb_2016-10-28\–save'
20 silly fetchPackageMetaData     at Error (native)
20 silly fetchPackageMetaData  error for –save { Error: ENOENT: no such file or directory, open 'E:\myweb\MyWeb_2016-10-28\–save'
20 silly fetchPackageMetaData     at Error (native)
20 silly fetchPackageMetaData   errno: -4058,
20 silly fetchPackageMetaData   code: 'ENOENT',
20 silly fetchPackageMetaData   syscall: 'open',
20 silly fetchPackageMetaData   path: 'E:\\myweb\\MyWeb_2016-10-28\\–save' }
21 verbose request uri https://registry.npmjs.org/hexo-deployer-git
22 verbose request no auth needed
23 info attempt registry request try #1 at 15:56:25
24 verbose request id c48afa4bf8c59fa2
25 verbose etag W/"59f37240-4019"
26 verbose lastModified Fri, 27 Oct 2017 17:52:00 GMT
27 http request GET https://registry.npmjs.org/hexo-deployer-git
28 info retry will retry, error on last attempt: TypeError: The header content contains invalid characters
29 info attempt registry request try #2 at 15:56:37
30 verbose etag W/"59f37240-4019"
31 verbose lastModified Fri, 27 Oct 2017 17:52:00 GMT
32 http request GET https://registry.npmjs.org/hexo-deployer-git
33 info retry will retry, error on last attempt: TypeError: The header content contains invalid characters
34 verbose stack Error: kill ENOSYS
34 verbose stack     at exports._errnoException (util.js:1020:11)
34 verbose stack     at process.kill (internal/process.js:190:13)
34 verbose stack     at process.listener (D:\develop\nodejs\node_modules\npm\node_modules\npmlog\node_modules\gauge\node_modules\signal-exit\index.js:86:15)
34 verbose stack     at emitNone (events.js:91:20)
34 verbose stack     at process.emit (events.js:185:7)
34 verbose stack     at processEmit (D:\develop\nodejs\node_modules\npm\node_modules\npmlog\node_modules\gauge\node_modules\signal-exit\index.js:146:32)
34 verbose stack     at processEmit (D:\develop\nodejs\node_modules\npm\node_modules\npm-registry-client\node_modules\npmlog\node_modules\gauge\node_modules\signal-exit\index.js:146:32)
34 verbose stack     at Signal.wrap.onsignal (internal/process.js:217:44)
35 verbose cwd E:\myweb\MyWeb_2016-10-28
36 error Windows_NT 10.0.14393
37 error argv "D:\\develop\\nodejs\\node.exe" "D:\\develop\\nodejs\\node_modules\\npm\\bin\\npm-cli.js" "install" "hexo-deployer-git" "–save"
38 error node v6.11.3
39 error npm  v3.10.10
40 error code ENOSYS
41 error errno ENOSYS
42 error syscall kill
43 error kill ENOSYS
44 error If you need help, you may report this error at:
44 error     <https://github.com/npm/npm/issues>
45 verbose exit [ 1, true ]
